2021-01-03 17:18:45.472 >>> [main] >>> INFO  >>> c.e.btctrademachine.BtctrademachineApplication >>> Starting BtctrademachineApplication using Java 1.8.0_251 on elimacbookdeMacBook-Pro.local with PID 26295 (/Users/elihuang/IdeaProjects/btctrademachine/target/classes started by elihuang in /Users/elihuang/IdeaProjects/btctrademachine)
2021-01-03 17:18:45.476 >>> [main] >>> INFO  >>> c.e.btctrademachine.BtctrademachineApplication >>> No active profile set, falling back to default profiles: default
2021-01-03 17:18:45.587 >>> [background-preinit] >>> WARN  >>> o.s.h.converter.json.Jackson2ObjectMapperBuilder >>> For Jackson Kotlin classes support please add "com.fasterxml.jackson.module:jackson-module-kotlin" to the classpath
2021-01-03 17:18:46.555 >>> [main] >>> INFO  >>> o.s.boot.web.embedded.tomcat.TomcatWebServer >>> Tomcat initialized with port(s): 8080 (http)
2021-01-03 17:18:46.564 >>> [main] >>> INFO  >>> org.apache.catalina.core.StandardService >>> Starting service [Tomcat]
2021-01-03 17:18:46.564 >>> [main] >>> INFO  >>> org.apache.catalina.core.StandardEngine >>> Starting Servlet engine: [Apache Tomcat/9.0.41]
2021-01-03 17:18:46.626 >>> [main] >>> INFO  >>> o.a.c.core.ContainerBase.[Tomcat].[localhost].[/] >>> Initializing Spring embedded WebApplicationContext
2021-01-03 17:18:46.626 >>> [main] >>> INFO  >>> o.s.b.w.s.c.ServletWebServerApplicationContext >>> Root WebApplicationContext: initialization completed in 1089 ms
2021-01-03 17:18:46.815 >>> [main] >>> INFO  >>> o.s.scheduling.concurrent.ThreadPoolTaskExecutor >>> Initializing ExecutorService 'applicationTaskExecutor'
2021-01-03 17:18:46.934 >>> [main] >>> WARN  >>> org.thymeleaf.templatemode.TemplateMode >>> [THYMELEAF][main] Template Mode 'HTML5' is deprecated. Using Template Mode 'HTML' instead.
2021-01-03 17:18:47.025 >>> [main] >>> INFO  >>> o.s.boot.web.embedded.tomcat.TomcatWebServer >>> Tomcat started on port(s): 8080 (http) with context path ''
2021-01-03 17:18:47.035 >>> [main] >>> INFO  >>> c.e.btctrademachine.BtctrademachineApplication >>> Started BtctrademachineApplication in 2.09 seconds (JVM running for 2.736)
2021-01-03 17:19:44.810 >>> [http-nio-8080-exec-1] >>> INFO  >>> o.a.c.core.ContainerBase.[Tomcat].[localhost].[/] >>> Initializing Spring DispatcherServlet 'dispatcherServlet'
2021-01-03 17:19:44.810 >>> [http-nio-8080-exec-1] >>> INFO  >>> org.springframework.web.servlet.DispatcherServlet >>> Initializing Servlet 'dispatcherServlet'
2021-01-03 17:19:44.811 >>> [http-nio-8080-exec-1] >>> INFO  >>> org.springframework.web.servlet.DispatcherServlet >>> Completed initialization in 1 ms
2021-01-03 17:19:44.830 >>> [http-nio-8080-exec-1] >>> INFO  >>> c.e.btctrademachine.controller.HelloController >>> HelloController log
2021-01-03 17:19:47.075 >>> [http-nio-8080-exec-2] >>> INFO  >>> c.e.btctrademachine.controller.MarketController >>> MarketController log
2021-01-03 17:19:52.477 >>> [http-nio-8080-exec-2] >>> ERROR >>> o.a.c.c.C.[.[localhost].[/].[dispatcherServlet] >>> Servlet.service() for servlet [dispatcherServlet] in context with path [] threw exception [Request processing failed; nested exception is com.elihuang.btctrademachine.exception.SDKException: [Execute] Cannot get the response from server] with root cause
com.elihuang.btctrademachine.exception.SDKException: [Execute] Cannot get the response from server
	at com.elihuang.btctrademachine.utils.ConnectionFactory.execute(ConnectionFactory.java:77)
	at com.elihuang.btctrademachine.huobi.connection.HuobiRestConnection.executeGet(HuobiRestConnection.java:47)
	at com.elihuang.btctrademachine.huobi.HuobiMarketService.getTickers(HuobiMarketService.java:169)
	at com.elihuang.btctrademachine.controller.MarketController.testMarket(MarketController.java:27)
	at sun.reflect.NativeMethodAccessorImpl.invoke0(Native Method)
	at sun.reflect.NativeMethodAccessorImpl.invoke(NativeMethodAccessorImpl.java:62)
	at sun.reflect.DelegatingMethodAccessorImpl.invoke(DelegatingMethodAccessorImpl.java:43)
	at java.lang.reflect.Method.invoke(Method.java:498)
	at org.springframework.web.method.support.InvocableHandlerMethod.doInvoke(InvocableHandlerMethod.java:197)
	at org.springframework.web.method.support.InvocableHandlerMethod.invokeForRequest(InvocableHandlerMethod.java:141)
	at org.springframework.web.servlet.mvc.method.annotation.ServletInvocableHandlerMethod.invokeAndHandle(ServletInvocableHandlerMethod.java:106)
	at org.springframework.web.servlet.mvc.method.annotation.RequestMappingHandlerAdapter.invokeHandlerMethod(RequestMappingHandlerAdapter.java:894)
	at org.springframework.web.servlet.mvc.method.annotation.RequestMappingHandlerAdapter.handleInternal(RequestMappingHandlerAdapter.java:808)
	at org.springframework.web.servlet.mvc.method.AbstractHandlerMethodAdapter.handle(AbstractHandlerMethodAdapter.java:87)
	at org.springframework.web.servlet.DispatcherServlet.doDispatch(DispatcherServlet.java:1061)
	at org.springframework.web.servlet.DispatcherServlet.doService(DispatcherServlet.java:961)
	at org.springframework.web.servlet.FrameworkServlet.processRequest(FrameworkServlet.java:1006)
	at org.springframework.web.servlet.FrameworkServlet.doGet(FrameworkServlet.java:898)
	at javax.servlet.http.HttpServlet.service(HttpServlet.java:626)
	at org.springframework.web.servlet.FrameworkServlet.service(FrameworkServlet.java:883)
	at javax.servlet.http.HttpServlet.service(HttpServlet.java:733)
	at org.apache.catalina.core.ApplicationFilterChain.internalDoFilter(ApplicationFilterChain.java:231)
	at org.apache.catalina.core.ApplicationFilterChain.doFilter(ApplicationFilterChain.java:166)
	at org.apache.tomcat.websocket.server.WsFilter.doFilter(WsFilter.java:53)
	at org.apache.catalina.core.ApplicationFilterChain.internalDoFilter(ApplicationFilterChain.java:193)
	at org.apache.catalina.core.ApplicationFilterChain.doFilter(ApplicationFilterChain.java:166)
	at org.springframework.web.filter.RequestContextFilter.doFilterInternal(RequestContextFilter.java:100)
	at org.springframework.web.filter.OncePerRequestFilter.doFilter(OncePerRequestFilter.java:119)
	at org.apache.catalina.core.ApplicationFilterChain.internalDoFilter(ApplicationFilterChain.java:193)
	at org.apache.catalina.core.ApplicationFilterChain.doFilter(ApplicationFilterChain.java:166)
	at org.springframework.web.filter.FormContentFilter.doFilterInternal(FormContentFilter.java:93)
	at org.springframework.web.filter.OncePerRequestFilter.doFilter(OncePerRequestFilter.java:119)
	at org.apache.catalina.core.ApplicationFilterChain.internalDoFilter(ApplicationFilterChain.java:193)
	at org.apache.catalina.core.ApplicationFilterChain.doFilter(ApplicationFilterChain.java:166)
	at org.springframework.web.filter.CharacterEncodingFilter.doFilterInternal(CharacterEncodingFilter.java:201)
	at org.springframework.web.filter.OncePerRequestFilter.doFilter(OncePerRequestFilter.java:119)
	at org.apache.catalina.core.ApplicationFilterChain.internalDoFilter(ApplicationFilterChain.java:193)
	at org.apache.catalina.core.ApplicationFilterChain.doFilter(ApplicationFilterChain.java:166)
	at org.apache.catalina.core.StandardWrapperValve.invoke(StandardWrapperValve.java:202)
	at org.apache.catalina.core.StandardContextValve.invoke(StandardContextValve.java:97)
	at org.apache.catalina.authenticator.AuthenticatorBase.invoke(AuthenticatorBase.java:542)
	at org.apache.catalina.core.StandardHostValve.invoke(StandardHostValve.java:143)
	at org.apache.catalina.valves.ErrorReportValve.invoke(ErrorReportValve.java:92)
	at org.apache.catalina.core.StandardEngineValve.invoke(StandardEngineValve.java:78)
	at org.apache.catalina.connector.CoyoteAdapter.service(CoyoteAdapter.java:343)
	at org.apache.coyote.http11.Http11Processor.service(Http11Processor.java:374)
	at org.apache.coyote.AbstractProcessorLight.process(AbstractProcessorLight.java:65)
	at org.apache.coyote.AbstractProtocol$ConnectionHandler.process(AbstractProtocol.java:888)
	at org.apache.tomcat.util.net.NioEndpoint$SocketProcessor.doRun(NioEndpoint.java:1597)
	at org.apache.tomcat.util.net.SocketProcessorBase.run(SocketProcessorBase.java:49)
	at java.util.concurrent.ThreadPoolExecutor.runWorker(ThreadPoolExecutor.java:1149)
	at java.util.concurrent.ThreadPoolExecutor$Worker.run(ThreadPoolExecutor.java:624)
	at org.apache.tomcat.util.threads.TaskThread$WrappingRunnable.run(TaskThread.java:61)
	at java.lang.Thread.run(Thread.java:748)
2021-01-03 17:25:17.820 >>> [SpringContextShutdownHook] >>> INFO  >>> o.s.scheduling.concurrent.ThreadPoolTaskExecutor >>> Shutting down ExecutorService 'applicationTaskExecutor'
2021-01-03 17:35:30.861 >>> [main] >>> INFO  >>> c.e.btctrademachine.BtctrademachineApplication >>> Starting BtctrademachineApplication using Java 1.8.0_251 on elimacbookdeMacBook-Pro.local with PID 26398 (/Users/elihuang/IdeaProjects/btctrademachine/target/classes started by elihuang in /Users/elihuang/IdeaProjects/btctrademachine)
2021-01-03 17:35:30.867 >>> [main] >>> INFO  >>> c.e.btctrademachine.BtctrademachineApplication >>> No active profile set, falling back to default profiles: default
2021-01-03 17:35:31.008 >>> [background-preinit] >>> WARN  >>> o.s.h.converter.json.Jackson2ObjectMapperBuilder >>> For Jackson Kotlin classes support please add "com.fasterxml.jackson.module:jackson-module-kotlin" to the classpath
2021-01-03 17:35:31.902 >>> [main] >>> INFO  >>> o.s.boot.web.embedded.tomcat.TomcatWebServer >>> Tomcat initialized with port(s): 8080 (http)
2021-01-03 17:35:31.911 >>> [main] >>> INFO  >>> org.apache.catalina.core.StandardService >>> Starting service [Tomcat]
2021-01-03 17:35:31.911 >>> [main] >>> INFO  >>> org.apache.catalina.core.StandardEngine >>> Starting Servlet engine: [Apache Tomcat/9.0.41]
2021-01-03 17:35:31.966 >>> [main] >>> INFO  >>> o.a.c.core.ContainerBase.[Tomcat].[localhost].[/] >>> Initializing Spring embedded WebApplicationContext
2021-01-03 17:35:31.966 >>> [main] >>> INFO  >>> o.s.b.w.s.c.ServletWebServerApplicationContext >>> Root WebApplicationContext: initialization completed in 996 ms
2021-01-03 17:35:32.130 >>> [main] >>> INFO  >>> o.s.scheduling.concurrent.ThreadPoolTaskExecutor >>> Initializing ExecutorService 'applicationTaskExecutor'
2021-01-03 17:35:32.243 >>> [main] >>> WARN  >>> org.thymeleaf.templatemode.TemplateMode >>> [THYMELEAF][main] Template Mode 'HTML5' is deprecated. Using Template Mode 'HTML' instead.
2021-01-03 17:35:32.334 >>> [main] >>> INFO  >>> o.s.boot.web.embedded.tomcat.TomcatWebServer >>> Tomcat started on port(s): 8080 (http) with context path ''
2021-01-03 17:35:32.345 >>> [main] >>> INFO  >>> c.e.btctrademachine.BtctrademachineApplication >>> Started BtctrademachineApplication in 2.065 seconds (JVM running for 2.763)
2021-01-03 17:37:15.767 >>> [http-nio-8080-exec-1] >>> INFO  >>> o.a.c.core.ContainerBase.[Tomcat].[localhost].[/] >>> Initializing Spring DispatcherServlet 'dispatcherServlet'
2021-01-03 17:37:15.768 >>> [http-nio-8080-exec-1] >>> INFO  >>> org.springframework.web.servlet.DispatcherServlet >>> Initializing Servlet 'dispatcherServlet'
2021-01-03 17:37:15.769 >>> [http-nio-8080-exec-1] >>> INFO  >>> org.springframework.web.servlet.DispatcherServlet >>> Completed initialization in 1 ms
2021-01-03 17:37:15.793 >>> [http-nio-8080-exec-1] >>> INFO  >>> c.e.btctrademachine.controller.MarketController >>> MarketController log
2021-01-03 17:37:45.504 >>> [SpringContextShutdownHook] >>> INFO  >>> o.s.scheduling.concurrent.ThreadPoolTaskExecutor >>> Shutting down ExecutorService 'applicationTaskExecutor'
2021-01-03 17:37:51.090 >>> [main] >>> INFO  >>> c.e.btctrademachine.BtctrademachineApplication >>> Starting BtctrademachineApplication using Java 1.8.0_251 on elimacbookdeMacBook-Pro.local with PID 26409 (/Users/elihuang/IdeaProjects/btctrademachine/target/classes started by elihuang in /Users/elihuang/IdeaProjects/btctrademachine)
2021-01-03 17:37:51.094 >>> [main] >>> INFO  >>> c.e.btctrademachine.BtctrademachineApplication >>> No active profile set, falling back to default profiles: default
2021-01-03 17:37:51.180 >>> [background-preinit] >>> WARN  >>> o.s.h.converter.json.Jackson2ObjectMapperBuilder >>> For Jackson Kotlin classes support please add "com.fasterxml.jackson.module:jackson-module-kotlin" to the classpath
2021-01-03 17:37:52.084 >>> [main] >>> INFO  >>> o.s.boot.web.embedded.tomcat.TomcatWebServer >>> Tomcat initialized with port(s): 8080 (http)
2021-01-03 17:37:52.093 >>> [main] >>> INFO  >>> org.apache.catalina.core.StandardService >>> Starting service [Tomcat]
2021-01-03 17:37:52.093 >>> [main] >>> INFO  >>> org.apache.catalina.core.StandardEngine >>> Starting Servlet engine: [Apache Tomcat/9.0.41]
2021-01-03 17:37:52.149 >>> [main] >>> INFO  >>> o.a.c.core.ContainerBase.[Tomcat].[localhost].[/] >>> Initializing Spring embedded WebApplicationContext
2021-01-03 17:37:52.149 >>> [main] >>> INFO  >>> o.s.b.w.s.c.ServletWebServerApplicationContext >>> Root WebApplicationContext: initialization completed in 992 ms
2021-01-03 17:37:52.317 >>> [main] >>> INFO  >>> o.s.scheduling.concurrent.ThreadPoolTaskExecutor >>> Initializing ExecutorService 'applicationTaskExecutor'
2021-01-03 17:37:52.448 >>> [main] >>> WARN  >>> org.thymeleaf.templatemode.TemplateMode >>> [THYMELEAF][main] Template Mode 'HTML5' is deprecated. Using Template Mode 'HTML' instead.
2021-01-03 17:37:52.538 >>> [main] >>> INFO  >>> o.s.boot.web.embedded.tomcat.TomcatWebServer >>> Tomcat started on port(s): 8080 (http) with context path ''
2021-01-03 17:37:52.548 >>> [main] >>> INFO  >>> c.e.btctrademachine.BtctrademachineApplication >>> Started BtctrademachineApplication in 1.968 seconds (JVM running for 2.683)
2021-01-03 17:42:03.309 >>> [http-nio-8080-exec-1] >>> INFO  >>> o.a.c.core.ContainerBase.[Tomcat].[localhost].[/] >>> Initializing Spring DispatcherServlet 'dispatcherServlet'
2021-01-03 17:42:03.310 >>> [http-nio-8080-exec-1] >>> INFO  >>> org.springframework.web.servlet.DispatcherServlet >>> Initializing Servlet 'dispatcherServlet'
2021-01-03 17:42:03.311 >>> [http-nio-8080-exec-1] >>> INFO  >>> org.springframework.web.servlet.DispatcherServlet >>> Completed initialization in 1 ms
2021-01-03 17:42:03.333 >>> [http-nio-8080-exec-1] >>> INFO  >>> c.e.btctrademachine.controller.MarketController >>> MarketController log
2021-01-03 20:18:09.938 >>> [SpringContextShutdownHook] >>> INFO  >>> o.s.scheduling.concurrent.ThreadPoolTaskExecutor >>> Shutting down ExecutorService 'applicationTaskExecutor'
